# configure exec: ./configure --prefix=/home/linux/Documents/kafka/node-kafka/node_modules/node-rdkafka/build/deps --libdir=/home/linux/Documents/kafka/node-kafka/node_modules/node-rdkafka/build/deps --prefix=/home/linux/Documents/kafka/node-kafka/node_modules/node-rdkafka/build/deps --libdir=/home/linux/Documents/kafka/node-kafka/node_modules/node-rdkafka/build/deps
# On Sat  3 Feb 13:53:21 GMT 2024
DBG 39878: Setting distro (distro) status to ok (action ignore)
DBG 39878: ccenv: WITH_CC:  --version failed: mklove/modules/configure.base: line 1824: --version: command not found
DBG 39878: Setting ccenv (ccenv) status to failed (action cont)
DBG 39878: Check ccenv (WITH_CC, action cont (originally cont)) failed: command ' --version' failed:
mklove/modules/configure.base: line 1824: --version: command not found
DBG 39878: Setting gcc (gcc) status to ok (action cont)
DBG 39878: cxxenv: WITH_CXX:  --version failed: mklove/modules/configure.base: line 1824: --version: command not found
DBG 39878: Setting cxxenv (cxxenv) status to failed (action cont)
DBG 39878: Check cxxenv (WITH_CXX, action cont (originally cont)) failed: command ' --version' failed:
mklove/modules/configure.base: line 1824: --version: command not found
DBG 39878: Setting gxx (gxx) status to ok (action cont)
DBG 39878: Setting ld (ld) status to ok (action disable)
DBG 39878: Setting nm (nm) status to ok (action disable)
DBG 39878: Setting objdump (objdump) status to ok (action disable)
DBG 39878: Setting strip (strip) status to ok (action disable)
DBG 39878: libtool: : libtool is not executable: 
DBG 39878: Setting libtool (libtool) status to failed (action disable)
DBG 39878: Check libtool (, action disable (originally disable)) failed: libtool is not executable
DBG 39878: Setting ranlib (ranlib) status to ok (action disable)
DBG 39878: pkgconfig: WITH_PKGCONFIG: pkg-config --version failed: mklove/modules/configure.base: line 1824: pkg-config: command not found
DBG 39878: Setting pkgconfig (pkgconfig) status to failed (action cont)
DBG 39878: Check pkgconfig (WITH_PKGCONFIG, action cont (originally cont)) failed: command 'pkg-config --version' failed:
mklove/modules/configure.base: line 1824: pkg-config: command not found
DBG 39878: Setting install (install) status to ok (action cont)
DBG 39878: Setting gnuar (gnuar) status to ok (action disable)
DBG 39878: Compile check PIC (HAVE_PIC) (sub=0): gcc  -g -O2 -Wall -Werror _mkltmp1vb4I1.c -o _mkltmp1vb4I1.c.o  -L/home/linux/Documents/kafka/node-kafka/node_modules/node-rdkafka/build/deps -fPIC 
DBG 39878: Setting PIC (PIC) status to ok (action disable)
DBG 39878: Compile check gnulib (WITH_GNULD) (sub=0): gcc  -g -O2 -fPIC -Wall -Werror _mkltmpEQt9kG.c -o _mkltmpEQt9kG.c.o  -L/home/linux/Documents/kafka/node-kafka/node_modules/node-rdkafka/build/deps -shared -Wl,-soname,mkltest.0 
DBG 39878: Setting gnulib (gnulib) status to ok (action cont)
DBG 39878: Compile check ldsflagvs () (sub=0): gcc  -g -O2 -fPIC -Wall -Werror _mkltmpEVZtBl.c -o _mkltmpEVZtBl.c.o  -L/home/linux/Documents/kafka/node-kafka/node_modules/node-rdkafka/build/deps -shared -Wl,--version-script=_mkltmpicyT5Y 
DBG 39878: Setting ldsflagvs (ldsflagvs) status to ok (action cont)
DBG 39878: Compile check __atomic_32 (HAVE_ATOMICS_32) (sub=0): gcc  -g -O2 -fPIC -Wall -Werror _mkltmpRUPLDn.c -o _mkltmpRUPLDn.c.o  -L/home/linux/Documents/kafka/node-kafka/node_modules/node-rdkafka/build/deps  
DBG 39878: Setting __atomic_32 (__atomic_32) status to ok (action cont)
DBG 39878: Compile check __atomic_64 (HAVE_ATOMICS_64) (sub=0): gcc  -g -O2 -fPIC -Wall -Werror _mkltmplbw7jb.c -o _mkltmplbw7jb.c.o  -L/home/linux/Documents/kafka/node-kafka/node_modules/node-rdkafka/build/deps  
DBG 39878: Setting __atomic_64 (__atomic_64) status to ok (action cont)
DBG 39878: Compile check socket () (sub=0): gcc  -g -O2 -fPIC -Wall -Wsign-compare -Wfloat-equal -Wpointer-arith -Wcast-align -Wall -Werror _mkltmpoRmnMZ.c -o _mkltmpoRmnMZ.c.o  -L/home/linux/Documents/kafka/node-kafka/node_modules/node-rdkafka/build/deps  
DBG 39878: Setting socket (socket) status to ok (action cont)
DBG 39878: Setting parseversion (parseversion) status to ok (action cont)
DBG 39878: librt: Check for static library (libs -lrt, arfile variable STATIC_LIB_librt=, static filenames )
DBG 39878: Compile check librt () (sub=0): gcc  -g -O2 -fPIC -Wall -Wsign-compare -Wfloat-equal -Wpointer-arith -Wcast-align -Wall -Werror _mkltmp5zcThQ.c -o _mkltmp5zcThQ.c.o  -L/home/linux/Documents/kafka/node-kafka/node_modules/node-rdkafka/build/deps -lrt 
DBG 39878: Setting librt (librt) status to ok (action cont)
DBG 39878: librt: from lib_check: LIBS: prepend -lrt
DBG 39878: libpthread: Check for static library (libs -lpthread, arfile variable STATIC_LIB_libpthread=, static filenames )
DBG 39878: Compile check libpthread () (sub=0): gcc  -g -O2 -fPIC -Wall -Wsign-compare -Wfloat-equal -Wpointer-arith -Wcast-align -Wall -Werror _mkltmpQqXG6A.c -o _mkltmpQqXG6A.c.o  -L/home/linux/Documents/kafka/node-kafka/node_modules/node-rdkafka/build/deps -lpthread -lrt
DBG 39878: Setting libpthread (libpthread) status to ok (action fail)
DBG 39878: libpthread: from lib_check: LIBS: prepend -lpthread
DBG 39878: c11threads: Check for static library (libs -lpthread -lrt, arfile variable STATIC_LIB_c11threads=, static filenames )
DBG 39878: Compile check c11threads (WITH_C11THREADS) (sub=0): gcc  -g -O2 -fPIC -Wall -Wsign-compare -Wfloat-equal -Wpointer-arith -Wcast-align -Wall -Werror _mkltmpH8Ltti.c -o _mkltmpH8Ltti.c.o  -L/home/linux/Documents/kafka/node-kafka/node_modules/node-rdkafka/build/deps -lpthread -lrt -lpthread -lrt
DBG 39878: Setting c11threads (c11threads) status to ok (action disable)
DBG 39878: c11threads: from lib_check: LIBS: prepend -lpthread -lrt
DBG 39878: libdl: Check for static library (libs -ldl, arfile variable STATIC_LIB_libdl=, static filenames )
DBG 39878: Compile check libdl (WITH_LIBDL) (sub=0): gcc  -g -O2 -fPIC -Wall -Wsign-compare -Wfloat-equal -Wpointer-arith -Wcast-align -Wall -Werror _mkltmpqwDBue.c -o _mkltmpqwDBue.c.o  -L/home/linux/Documents/kafka/node-kafka/node_modules/node-rdkafka/build/deps -ldl -lpthread -lrt -lpthread -lrt
DBG 39878: Setting libdl (libdl) status to ok (action disable)
DBG 39878: libdl: from lib_check: LIBS: prepend -ldl
DBG 39878: zlib: Check for static library (libs -lz, arfile variable STATIC_LIB_zlib=, static filenames libz.a)
DBG 39878: Compile check zlib (WITH_ZLIB) (sub=0): gcc  -g -O2 -fPIC -Wall -Wsign-compare -Wfloat-equal -Wpointer-arith -Wcast-align -Wall -Werror _mkltmpt1UsuU.c -o _mkltmpt1UsuU.c.o  -L/home/linux/Documents/kafka/node-kafka/node_modules/node-rdkafka/build/deps -lz -ldl -lpthread -lrt -lpthread -lrt
DBG 39878: Setting zlib (zlib) status to ok (action disable)
DBG 39878: zlib: from lib_check: LIBS: prepend -lz
DBG 39878: libcrypto: Check for static library (libs -lcrypto, arfile variable STATIC_LIB_libcrypto=, static filenames libcrypto.a)
DBG 39878: Compile check libcrypto () (sub=0): gcc  -g -O2 -fPIC -Wall -Wsign-compare -Wfloat-equal -Wpointer-arith -Wcast-align -Wall -Werror _mkltmpoQ8ZCt.c -o _mkltmpoQ8ZCt.c.o  -L/home/linux/Documents/kafka/node-kafka/node_modules/node-rdkafka/build/deps -lcrypto -lz -ldl -lpthread -lrt -lpthread -lrt
DBG 39878: Setting libcrypto (libcrypto) status to ok (action disable)
DBG 39878: libcrypto: from lib_check: LIBS: prepend -lcrypto
DBG 39878: libssl: Check for static library (libs -lssl -lcrypto, arfile variable STATIC_LIB_libssl=, static filenames libssl.a)
DBG 39878: Compile check libssl (WITH_SSL) (sub=0): gcc  -g -O2 -fPIC -Wall -Wsign-compare -Wfloat-equal -Wpointer-arith -Wcast-align -Wall -Werror _mkltmp3Iny0c.c -o _mkltmp3Iny0c.c.o  -L/home/linux/Documents/kafka/node-kafka/node_modules/node-rdkafka/build/deps -lssl -lcrypto -lcrypto -lz -ldl -lpthread -lrt -lpthread -lrt
DBG 39878: Setting libssl (libssl) status to ok (action disable)
DBG 39878: libssl: from lib_check: LIBS: prepend -lssl -lcrypto
DBG 39878: Compile check libcrypto () (sub=1): gcc  -g -O2 -fPIC -Wall -Wsign-compare -Wfloat-equal -Wpointer-arith -Wcast-align -Wall -Werror _mkltmpgJgbFK.c -o _mkltmpgJgbFK.c.o  -L/home/linux/Documents/kafka/node-kafka/node_modules/node-rdkafka/build/deps -lcrypto -lssl -lcrypto -lcrypto -lz -ldl -lpthread -lrt -lpthread -lrt
DBG 39878: compile check for libcrypto () failed: gcc  -g -O2 -fPIC -Wall -Wsign-compare -Wfloat-equal -Wpointer-arith -Wcast-align -Wall -Werror _mkltmpgJgbFK.c -o _mkltmpgJgbFK.c.o  -L/home/linux/Documents/kafka/node-kafka/node_modules/node-rdkafka/build/deps -lcrypto -lssl -lcrypto -lcrypto -lz -ldl -lpthread -lrt -lpthread -lrt: _mkltmpgJgbFK.c:4:2: error: #error "OpenSSL version >= v3.0.0 needs OPENSSL_SUPPRESS_DEPRECATED"
    4 | #error "OpenSSL version >= v3.0.0 needs OPENSSL_SUPPRESS_DEPRECATED"
      |  ^~~~~
DBG 39878: libsasl2: Check for static library (libs -lsasl2, arfile variable STATIC_LIB_libsasl2=, static filenames )
DBG 39878: Compile check libsasl2 (WITH_SASL_CYRUS) (sub=0): gcc  -g -O2 -fPIC -Wall -Wsign-compare -Wfloat-equal -Wpointer-arith -Wcast-align -Wall -Werror _mkltmpKJxMvR.c -o _mkltmpKJxMvR.c.o  -L/home/linux/Documents/kafka/node-kafka/node_modules/node-rdkafka/build/deps -lsasl2 -lssl -lcrypto -lcrypto -lz -ldl -lpthread -lrt -lpthread -lrt
DBG 39878: compile check for libsasl2 (WITH_SASL_CYRUS) failed: gcc  -g -O2 -fPIC -Wall -Wsign-compare -Wfloat-equal -Wpointer-arith -Wcast-align -Wall -Werror _mkltmpKJxMvR.c -o _mkltmpKJxMvR.c.o  -L/home/linux/Documents/kafka/node-kafka/node_modules/node-rdkafka/build/deps -lsasl2 -lssl -lcrypto -lcrypto -lz -ldl -lpthread -lrt -lpthread -lrt: _mkltmpKJxMvR.c:3:10: fatal error: sasl/sasl.h: No such file or directory
    3 | #include <sasl/sasl.h>
      |          ^~~~~~~~~~~~~
compilation terminated.
DBG 39878: Setting libsasl2 (libsasl2) status to failed (action disable)
DBG 39878: Check libsasl2 (WITH_SASL_CYRUS, action disable (originally disable)) failed: compile check failed:
CC: CC
flags: -lsasl2
gcc  -g -O2 -fPIC -Wall -Wsign-compare -Wfloat-equal -Wpointer-arith -Wcast-align -Wall -Werror _mkltmpKJxMvR.c -o _mkltmpKJxMvR.c.o  -L/home/linux/Documents/kafka/node-kafka/node_modules/node-rdkafka/build/deps -lsasl2 -lssl -lcrypto -lcrypto -lz -ldl -lpthread -lrt -lpthread -lrt:
_mkltmpKJxMvR.c:3:10: fatal error: sasl/sasl.h: No such file or directory
    3 | #include <sasl/sasl.h>
      |          ^~~~~~~~~~~~~
compilation terminated.
source: 
#include <stddef.h>
#include <sasl/sasl.h>

DBG 39878: libsasl: Check for static library (libs -lsasl, arfile variable STATIC_LIB_libsasl=, static filenames )
DBG 39878: Compile check libsasl (WITH_SASL_CYRUS) (sub=0): gcc  -g -O2 -fPIC -Wall -Wsign-compare -Wfloat-equal -Wpointer-arith -Wcast-align -Wall -Werror _mkltmpmHh8iU.c -o _mkltmpmHh8iU.c.o  -L/home/linux/Documents/kafka/node-kafka/node_modules/node-rdkafka/build/deps -lsasl -lssl -lcrypto -lcrypto -lz -ldl -lpthread -lrt -lpthread -lrt
DBG 39878: compile check for libsasl (WITH_SASL_CYRUS) failed: gcc  -g -O2 -fPIC -Wall -Wsign-compare -Wfloat-equal -Wpointer-arith -Wcast-align -Wall -Werror _mkltmpmHh8iU.c -o _mkltmpmHh8iU.c.o  -L/home/linux/Documents/kafka/node-kafka/node_modules/node-rdkafka/build/deps -lsasl -lssl -lcrypto -lcrypto -lz -ldl -lpthread -lrt -lpthread -lrt: _mkltmpmHh8iU.c:3:10: fatal error: sasl/sasl.h: No such file or directory
    3 | #include <sasl/sasl.h>
      |          ^~~~~~~~~~~~~
compilation terminated.
DBG 39878: Setting libsasl (libsasl) status to failed (action disable)
DBG 39878: Check libsasl (WITH_SASL_CYRUS, action disable (originally disable)) failed: compile check failed:
CC: CC
flags: -lsasl
gcc  -g -O2 -fPIC -Wall -Wsign-compare -Wfloat-equal -Wpointer-arith -Wcast-align -Wall -Werror _mkltmpmHh8iU.c -o _mkltmpmHh8iU.c.o  -L/home/linux/Documents/kafka/node-kafka/node_modules/node-rdkafka/build/deps -lsasl -lssl -lcrypto -lcrypto -lz -ldl -lpthread -lrt -lpthread -lrt:
_mkltmpmHh8iU.c:3:10: fatal error: sasl/sasl.h: No such file or directory
    3 | #include <sasl/sasl.h>
      |          ^~~~~~~~~~~~~
compilation terminated.
source: 
#include <stddef.h>
#include <sasl/sasl.h>

DBG 39878: libzstd: Check for static library (libs -lzstd, arfile variable STATIC_LIB_libzstd=, static filenames libzstd.a)
DBG 39878: Compile check libzstd (WITH_ZSTD) (sub=0): gcc  -g -O2 -fPIC -Wall -Wsign-compare -Wfloat-equal -Wpointer-arith -Wcast-align -Wall -Werror _mkltmpXqRjb7.c -o _mkltmpXqRjb7.c.o  -L/home/linux/Documents/kafka/node-kafka/node_modules/node-rdkafka/build/deps -lzstd -lssl -lcrypto -lcrypto -lz -ldl -lpthread -lrt -lpthread -lrt
DBG 39878: compile check for libzstd (WITH_ZSTD) failed: gcc  -g -O2 -fPIC -Wall -Wsign-compare -Wfloat-equal -Wpointer-arith -Wcast-align -Wall -Werror _mkltmpXqRjb7.c -o _mkltmpXqRjb7.c.o  -L/home/linux/Documents/kafka/node-kafka/node_modules/node-rdkafka/build/deps -lzstd -lssl -lcrypto -lcrypto -lz -ldl -lpthread -lrt -lpthread -lrt: _mkltmpXqRjb7.c:2:10: fatal error: zstd.h: No such file or directory
    2 | #include <zstd.h>
      |          ^~~~~~~~
compilation terminated.
DBG 39878: Setting libzstd (libzstd) status to failed (action disable)
DBG 39878: Check libzstd (WITH_ZSTD, action disable (originally disable)) failed: compile check failed:
CC: CC
flags: -lzstd
gcc  -g -O2 -fPIC -Wall -Wsign-compare -Wfloat-equal -Wpointer-arith -Wcast-align -Wall -Werror _mkltmpXqRjb7.c -o _mkltmpXqRjb7.c.o  -L/home/linux/Documents/kafka/node-kafka/node_modules/node-rdkafka/build/deps -lzstd -lssl -lcrypto -lcrypto -lz -ldl -lpthread -lrt -lpthread -lrt:
_mkltmpXqRjb7.c:2:10: fatal error: zstd.h: No such file or directory
    2 | #include <zstd.h>
      |          ^~~~~~~~
compilation terminated.
source: 
#include <zstd.h>
#include <zstd_errors.h>

void foo (void) {
     ZSTD_getFrameContentSize(NULL, 0);
}

DBG 39878: libcurl: Check for static library (libs -lcurl, arfile variable STATIC_LIB_libcurl=, static filenames libcurl.a)
DBG 39878: Compile check libcurl (WITH_CURL) (sub=0): gcc  -g -O2 -fPIC -Wall -Wsign-compare -Wfloat-equal -Wpointer-arith -Wcast-align -Wall -Werror _mkltmplIgKvQ.c -o _mkltmplIgKvQ.c.o  -L/home/linux/Documents/kafka/node-kafka/node_modules/node-rdkafka/build/deps -lcurl -lssl -lcrypto -lcrypto -lz -ldl -lpthread -lrt -lpthread -lrt
DBG 39878: compile check for libcurl (WITH_CURL) failed: gcc  -g -O2 -fPIC -Wall -Wsign-compare -Wfloat-equal -Wpointer-arith -Wcast-align -Wall -Werror _mkltmplIgKvQ.c -o _mkltmplIgKvQ.c.o  -L/home/linux/Documents/kafka/node-kafka/node_modules/node-rdkafka/build/deps -lcurl -lssl -lcrypto -lcrypto -lz -ldl -lpthread -lrt -lpthread -lrt: _mkltmplIgKvQ.c:2:10: fatal error: curl/curl.h: No such file or directory
    2 | #include <curl/curl.h>
      |          ^~~~~~~~~~~~~
compilation terminated.
DBG 39878: Setting libcurl (libcurl) status to failed (action disable)
DBG 39878: Check libcurl (WITH_CURL, action disable (originally disable)) failed: compile check failed:
CC: CC
flags: -lcurl
gcc  -g -O2 -fPIC -Wall -Wsign-compare -Wfloat-equal -Wpointer-arith -Wcast-align -Wall -Werror _mkltmplIgKvQ.c -o _mkltmplIgKvQ.c.o  -L/home/linux/Documents/kafka/node-kafka/node_modules/node-rdkafka/build/deps -lcurl -lssl -lcrypto -lcrypto -lz -ldl -lpthread -lrt -lpthread -lrt:
_mkltmplIgKvQ.c:2:10: fatal error: curl/curl.h: No such file or directory
    2 | #include <curl/curl.h>
      |          ^~~~~~~~~~~~~
compilation terminated.
source: 
#include <curl/curl.h>

void foo (void) {
     curl_global_init(CURL_GLOBAL_DEFAULT);
}

DBG 39878: libm: Check for static library (libs -lm, arfile variable STATIC_LIB_libm=, static filenames )
DBG 39878: Compile check libm () (sub=0): gcc  -g -O2 -fPIC -Wall -Wsign-compare -Wfloat-equal -Wpointer-arith -Wcast-align -Wall -Werror _mkltmpa21rS6.c -o _mkltmpa21rS6.c.o  -L/home/linux/Documents/kafka/node-kafka/node_modules/node-rdkafka/build/deps -lm -lssl -lcrypto -lcrypto -lz -ldl -lpthread -lrt -lpthread -lrt
DBG 39878: Setting libm (libm) status to ok (action disable)
DBG 39878: libm: from lib_check: LIBS: prepend -lm
DBG 39878: liblz4: Check for static library (libs -llz4, arfile variable STATIC_LIB_liblz4=, static filenames liblz4.a)
DBG 39878: Compile check liblz4 (WITH_LZ4_EXT) (sub=0): gcc  -g -O2 -fPIC -Wall -Wsign-compare -Wfloat-equal -Wpointer-arith -Wcast-align -Wall -Werror _mkltmpf8SBBn.c -o _mkltmpf8SBBn.c.o  -L/home/linux/Documents/kafka/node-kafka/node_modules/node-rdkafka/build/deps -llz4 -lm -lssl -lcrypto -lcrypto -lz -ldl -lpthread -lrt -lpthread -lrt
DBG 39878: compile check for liblz4 (WITH_LZ4_EXT) failed: gcc  -g -O2 -fPIC -Wall -Wsign-compare -Wfloat-equal -Wpointer-arith -Wcast-align -Wall -Werror _mkltmpf8SBBn.c -o _mkltmpf8SBBn.c.o  -L/home/linux/Documents/kafka/node-kafka/node_modules/node-rdkafka/build/deps -llz4 -lm -lssl -lcrypto -lcrypto -lz -ldl -lpthread -lrt -lpthread -lrt: _mkltmpf8SBBn.c:1:10: fatal error: lz4frame.h: No such file or directory
    1 | #include <lz4frame.h>
      |          ^~~~~~~~~~~~
compilation terminated.
DBG 39878: Setting liblz4 (liblz4) status to failed (action disable)
DBG 39878: Check liblz4 (WITH_LZ4_EXT, action disable (originally disable)) failed: compile check failed:
CC: CC
flags: -llz4
gcc  -g -O2 -fPIC -Wall -Wsign-compare -Wfloat-equal -Wpointer-arith -Wcast-align -Wall -Werror _mkltmpf8SBBn.c -o _mkltmpf8SBBn.c.o  -L/home/linux/Documents/kafka/node-kafka/node_modules/node-rdkafka/build/deps -llz4 -lm -lssl -lcrypto -lcrypto -lz -ldl -lpthread -lrt -lpthread -lrt:
_mkltmpf8SBBn.c:1:10: fatal error: lz4frame.h: No such file or directory
    1 | #include <lz4frame.h>
      |          ^~~~~~~~~~~~
compilation terminated.
source: #include <lz4frame.h>
DBG 39878: Compile check syslog (WITH_SYSLOG) (sub=0): gcc  -g -O2 -fPIC -Wall -Wsign-compare -Wfloat-equal -Wpointer-arith -Wcast-align -Wall -Werror _mkltmpJ8ds3O.c -o _mkltmpJ8ds3O.c.o  -L/home/linux/Documents/kafka/node-kafka/node_modules/node-rdkafka/build/deps  -lm -lssl -lcrypto -lcrypto -lz -ldl -lpthread -lrt -lpthread -lrt
DBG 39878: Setting syslog (syslog) status to ok (action disable)
DBG 39878: Compile check rapidjson (WITH_RAPIDJSON) (sub=0): g++  -g -O2 -fPIC -Wall -Wsign-compare -Wfloat-equal -Wpointer-arith -Wcast-align -Wall -Werror _mkltmpGkPkM9.cpp -o _mkltmpGkPkM9.cpp.o  -L/home/linux/Documents/kafka/node-kafka/node_modules/node-rdkafka/build/deps  -lm -lssl -lcrypto -lcrypto -lz -ldl -lpthread -lrt -lpthread -lrt
DBG 39878: compile check for rapidjson (WITH_RAPIDJSON) failed: g++  -g -O2 -fPIC -Wall -Wsign-compare -Wfloat-equal -Wpointer-arith -Wcast-align -Wall -Werror _mkltmpGkPkM9.cpp -o _mkltmpGkPkM9.cpp.o  -L/home/linux/Documents/kafka/node-kafka/node_modules/node-rdkafka/build/deps  -lm -lssl -lcrypto -lcrypto -lz -ldl -lpthread -lrt -lpthread -lrt: _mkltmpGkPkM9.cpp:1:10: fatal error: rapidjson/schema.h: No such file or directory
    1 | #include <rapidjson/schema.h>
      |          ^~~~~~~~~~~~~~~~~~~~
compilation terminated.
DBG 39878: Setting rapidjson (rapidjson) status to failed (action disable)
DBG 39878: Check rapidjson (WITH_RAPIDJSON, action disable (originally disable)) failed: compile check failed:
CC: CXX
flags: 
g++  -g -O2 -fPIC -Wall -Wsign-compare -Wfloat-equal -Wpointer-arith -Wcast-align -Wall -Werror _mkltmpGkPkM9.cpp -o _mkltmpGkPkM9.cpp.o  -L/home/linux/Documents/kafka/node-kafka/node_modules/node-rdkafka/build/deps  -lm -lssl -lcrypto -lcrypto -lz -ldl -lpthread -lrt -lpthread -lrt:
_mkltmpGkPkM9.cpp:1:10: fatal error: rapidjson/schema.h: No such file or directory
    1 | #include <rapidjson/schema.h>
      |          ^~~~~~~~~~~~~~~~~~~~
compilation terminated.
source: #include <rapidjson/schema.h>
DBG 39878: Compile check crc32chw (WITH_CRC32C_HW) (sub=0): gcc  -g -O2 -fPIC -Wall -Wsign-compare -Wfloat-equal -Wpointer-arith -Wcast-align -Wall -Werror _mkltmpPCm36m.c -o _mkltmpPCm36m.c.o  -L/home/linux/Documents/kafka/node-kafka/node_modules/node-rdkafka/build/deps  -lm -lssl -lcrypto -lcrypto -lz -ldl -lpthread -lrt -lpthread -lrt
DBG 39878: Setting crc32chw (crc32chw) status to ok (action disable)
DBG 39878: Compile check regex (HAVE_REGEX) (sub=0): gcc  -g -O2 -fPIC -Wall -Wsign-compare -Wfloat-equal -Wpointer-arith -Wcast-align -Wall -Werror _mkltmpMYjLEE.c -o _mkltmpMYjLEE.c.o  -L/home/linux/Documents/kafka/node-kafka/node_modules/node-rdkafka/build/deps  -lm -lssl -lcrypto -lcrypto -lz -ldl -lpthread -lrt -lpthread -lrt
DBG 39878: Setting regex (regex) status to ok (action disable)
DBG 39878: Compile check rand_r (HAVE_RAND_R) (sub=0): gcc  -g -O2 -fPIC -Wall -Wsign-compare -Wfloat-equal -Wpointer-arith -Wcast-align -Wall -Werror _mkltmpMyIVDc.c -o _mkltmpMyIVDc.c.o  -L/home/linux/Documents/kafka/node-kafka/node_modules/node-rdkafka/build/deps  -lm -lssl -lcrypto -lcrypto -lz -ldl -lpthread -lrt -lpthread -lrt
DBG 39878: Setting rand_r (rand_r) status to ok (action disable)
DBG 39878: Compile check strndup (HAVE_STRNDUP) (sub=0): gcc  -g -O2 -fPIC -Wall -Wsign-compare -Wfloat-equal -Wpointer-arith -Wcast-align -Wall -Werror _mkltmp50od3Q.c -o _mkltmp50od3Q.c.o  -L/home/linux/Documents/kafka/node-kafka/node_modules/node-rdkafka/build/deps  -lm -lssl -lcrypto -lcrypto -lz -ldl -lpthread -lrt -lpthread -lrt
DBG 39878: Setting strndup (strndup) status to ok (action disable)
DBG 39878: Compile check strlcpy (HAVE_STRLCPY) (sub=0): gcc  -g -O2 -fPIC -Wall -Wsign-compare -Wfloat-equal -Wpointer-arith -Wcast-align -Wall -Werror _mkltmpxIUWeZ.c -o _mkltmpxIUWeZ.c.o  -L/home/linux/Documents/kafka/node-kafka/node_modules/node-rdkafka/build/deps  -lm -lssl -lcrypto -lcrypto -lz -ldl -lpthread -lrt -lpthread -lrt
DBG 39878: compile check for strlcpy (HAVE_STRLCPY) failed: gcc  -g -O2 -fPIC -Wall -Wsign-compare -Wfloat-equal -Wpointer-arith -Wcast-align -Wall -Werror _mkltmpxIUWeZ.c -o _mkltmpxIUWeZ.c.o  -L/home/linux/Documents/kafka/node-kafka/node_modules/node-rdkafka/build/deps  -lm -lssl -lcrypto -lcrypto -lz -ldl -lpthread -lrt -lpthread -lrt: _mkltmpxIUWeZ.c: In function ‘foo’:
_mkltmpxIUWeZ.c:6:11: error: implicit declaration of function ‘strlcpy’; did you mean ‘strncpy’? [-Werror=implicit-function-declaration]
    6 |    return strlcpy(dest, "something", sizeof(dest));
      |           ^~~~~~~
      |           strncpy
cc1: all warnings being treated as errors
DBG 39878: Setting strlcpy (strlcpy) status to failed (action disable)
DBG 39878: Check strlcpy (HAVE_STRLCPY, action disable (originally disable)) failed: compile check failed:
CC: CC
flags: 
gcc  -g -O2 -fPIC -Wall -Wsign-compare -Wfloat-equal -Wpointer-arith -Wcast-align -Wall -Werror _mkltmpxIUWeZ.c -o _mkltmpxIUWeZ.c.o  -L/home/linux/Documents/kafka/node-kafka/node_modules/node-rdkafka/build/deps  -lm -lssl -lcrypto -lcrypto -lz -ldl -lpthread -lrt -lpthread -lrt:
_mkltmpxIUWeZ.c: In function ‘foo’:
_mkltmpxIUWeZ.c:6:11: error: implicit declaration of function ‘strlcpy’; did you mean ‘strncpy’? [-Werror=implicit-function-declaration]
    6 |    return strlcpy(dest, "something", sizeof(dest));
      |           ^~~~~~~
      |           strncpy
cc1: all warnings being treated as errors
source: 
#define _DARWIN_C_SOURCE
#include <string.h>
int foo (void) {
    char dest[4];
   return strlcpy(dest, "something", sizeof(dest));
}
DBG 39878: Compile check strerror_r (HAVE_STRERROR_R) (sub=0): gcc  -g -O2 -fPIC -Wall -Wsign-compare -Wfloat-equal -Wpointer-arith -Wcast-align -Wall -Werror _mkltmpYv1Yb9.c -o _mkltmpYv1Yb9.c.o  -L/home/linux/Documents/kafka/node-kafka/node_modules/node-rdkafka/build/deps  -lm -lssl -lcrypto -lcrypto -lz -ldl -lpthread -lrt -lpthread -lrt
DBG 39878: Setting strerror_r (strerror_r) status to ok (action disable)
DBG 39878: Compile check strcasestr (HAVE_STRCASESTR) (sub=0): gcc  -g -O2 -fPIC -Wall -Wsign-compare -Wfloat-equal -Wpointer-arith -Wcast-align -Wall -Werror _mkltmptQMxsD.c -o _mkltmptQMxsD.c.o  -L/home/linux/Documents/kafka/node-kafka/node_modules/node-rdkafka/build/deps  -lm -lssl -lcrypto -lcrypto -lz -ldl -lpthread -lrt -lpthread -lrt
DBG 39878: Setting strcasestr (strcasestr) status to ok (action disable)
DBG 39878: Compile check pthread_setname_gnu (HAVE_PTHREAD_SETNAME_GNU) (sub=0): gcc  -g -O2 -fPIC -Wall -Wsign-compare -Wfloat-equal -Wpointer-arith -Wcast-align -Wall -Werror _mkltmpeyY7kn.c -o _mkltmpeyY7kn.c.o  -L/home/linux/Documents/kafka/node-kafka/node_modules/node-rdkafka/build/deps -D_GNU_SOURCE -lpthread -lm -lssl -lcrypto -lcrypto -lz -ldl -lpthread -lrt -lpthread -lrt
DBG 39878: Setting pthread_setname_gnu (pthread_setname_gnu) status to ok (action disable)
DBG 39878: Setting nm (nm) status to ok (action cont)
DBG 39878: Setting python3 (python3) status to ok (action disable)
DBG 39878: Compile check getrusage (HAVE_GETRUSAGE) (sub=0): gcc  -g -O2 -fPIC -Wall -Wsign-compare -Wfloat-equal -Wpointer-arith -Wcast-align -Wall -Werror _mkltmp5yDpCH.c -o _mkltmp5yDpCH.c.o  -L/home/linux/Documents/kafka/node-kafka/node_modules/node-rdkafka/build/deps  -lm -lssl -lcrypto -lcrypto -lz -ldl -lpthread -lrt -lpthread -lrt
DBG 39878: Setting getrusage (getrusage) status to ok (action disable)
